Build started 26-03-2019 23:02:53.
     1>Project "C:\Users\IIT\Desktop\New folder\BtreesAndHeaps\trees\trees.vcxproj" on node 2 (build target(s)).
     1>InitializeBuildStatus:
         Creating "Debug\trees.unsuccessfulbuild" because "AlwaysCreate" was specified.
       GenerateTargetFrameworkMonikerAttribute:
       Skipping target "GenerateTargetFrameworkMonikerAttribute" because all output files are up-to-date with respect to the input files.
       ClCompile:
         All outputs are up-to-date.
         All outputs are up-to-date.
         All outputs are up-to-date.
       CoreResGen:
         No resources are out of date with respect to their source files. Skipping resource generation.
       ResourceCompile:
         All outputs are up-to-date.
       Link:
         All outputs are up-to-date.
         trees.vcxproj -> C:\Users\IIT\Desktop\New folder\BtreesAndHeaps\Debug\trees.exe
       FinalizeBuildStatus:
         Deleting file "Debug\trees.unsuccessfulbuild".
         Touching "Debug\trees.lastbuildstate".
     1>Done Building Project "C:\Users\IIT\Desktop\New folder\BtreesAndHeaps\trees\trees.vcxproj" (build target(s)).

Build succeeded.

Time Elapsed 00:00:00.19
