Build started 24-Mar-19 9:52:51 PM.
     1>Project "C:\Users\Lenovo\Documents\Visual C++ Videos Project\Videos_Tutorials\Videos_Tutorials\Videos_Tutorials.vcxproj" on node 2 (build target(s)).
     1>InitializeBuildStatus:
         Creating "Debug\Videos_Tutorials.unsuccessfulbuild" because "AlwaysCreate" was specified.
       GenerateTargetFrameworkMonikerAttribute:
       Skipping target "GenerateTargetFrameworkMonikerAttribute" because all output files are up-to-date with respect to the input files.
       ClCompile:
         All outputs are up-to-date.
         C:\Program Files (x86)\Microsoft Visual Studio 10.0\VC\bin\CL.exe /c /AI"C:\Program Files (x86)\Reference Assemblies\Microsoft\Framework\.NETFramework\v4.0" /Zi /clr:pure /nologo /W3 /WX- /Od /Oy- /D WIN32 /D _DEBUG /D _UNICODE /D UNICODE /EHa /MDd /GS /fp:precise /Zc:wchar_t /Zc:forScope /Yu"StdAfx.h" /Fp"Debug\Videos_Tutorials.pch" /Fo"Debug\\" /Fd"Debug\vc100.pdb" /TP /FU"C:\Program Files (x86)\Reference Assemblies\Microsoft\Framework\.NETFramework\v4.0\System.Core.dll" /FU"C:\Program Files (x86)\Reference Assemblies\Microsoft\Framework\.NETFramework\v4.0\System.Data.dll" /FU"C:\Program Files (x86)\Reference Assemblies\Microsoft\Framework\.NETFramework\v4.0\System.dll" /FU"C:\Program Files (x86)\Reference Assemblies\Microsoft\Framework\.NETFramework\v4.0\System.Drawing.dll" /FU"C:\Program Files (x86)\Reference Assemblies\Microsoft\Framework\.NETFramework\v4.0\System.Windows.Forms.dll" /FU"C:\Program Files (x86)\Reference Assemblies\Microsoft\Framework\.NETFramework\v4.0\System.Xml.dll" /FUInterop\Interop.WMPLib.1.0.dll /FUInterop\Interop.WMPLib.1.0.dll /FUInterop\AxInterop.WMPLib.1.0.dll /analyze- /errorReport:prompt Videos_Tutorials.cpp /clr:nostdlib 
         Videos_Tutorials.cpp
     1>c:\users\lenovo\documents\visual c++ videos project\videos_tutorials\videos_tutorials\Form1.h(403): warning C4129: 'V' : unrecognized character escape sequence
     1>c:\users\lenovo\documents\visual c++ videos project\videos_tutorials\videos_tutorials\Form1.h(410): warning C4129: 'V' : unrecognized character escape sequence
     1>c:\users\lenovo\documents\visual c++ videos project\videos_tutorials\videos_tutorials\Form1.h(417): warning C4129: 'V' : unrecognized character escape sequence
         All outputs are up-to-date.
       CoreResGen:
         "C:\Program Files (x86)\Microsoft SDKs\Windows\v7.0A\bin\NETFX 4.0 Tools\resgen.exe" /useSourcePath /r:"C:\Program Files (x86)\Reference Assemblies\Microsoft\Framework\.NETFramework\v4.0\System.Core.dll" /r:"C:\Program Files (x86)\Reference Assemblies\Microsoft\Framework\.NETFramework\v4.0\System.Data.dll" /r:"C:\Program Files (x86)\Reference Assemblies\Microsoft\Framework\.NETFramework\v4.0\System.dll" /r:"C:\Program Files (x86)\Reference Assemblies\Microsoft\Framework\.NETFramework\v4.0\System.Drawing.dll" /r:"C:\Program Files (x86)\Reference Assemblies\Microsoft\Framework\.NETFramework\v4.0\System.Windows.Forms.dll" /r:"C:\Program Files (x86)\Reference Assemblies\Microsoft\Framework\.NETFramework\v4.0\System.Xml.dll" /r:Interop\Interop.WMPLib.1.0.dll /r:Interop\Interop.WMPLib.1.0.dll /r:Interop\AxInterop.WMPLib.1.0.dll /compile Form1.resX,Debug\Videos_Tutorials.Form1.resources
         Processing resource file "Form1.resX" into "Debug\Videos_Tutorials.Form1.resources".
       ResourceCompile:
         All outputs are up-to-date.
       Link:
         C:\Program Files (x86)\Microsoft Visual Studio 10.0\VC\bin\link.exe /ERRORREPORT:PROMPT /OUT:"C:\Users\Lenovo\Documents\Visual C++ Videos Project\Videos_Tutorials\Debug\Videos_Tutorials.exe" /INCREMENTAL /NOLOGO /ASSEMBLYRESOURCE:Debug\Videos_Tutorials.Form1.resources /MANIFEST /ManifestFile:"Debug\Videos_Tutorials.exe.intermediate.manifest" /MANIFESTUAC:"level='asInvoker' uiAccess='false'" /DEBUG /PDB:"C:\Users\Lenovo\Documents\Visual C++ Videos Project\Videos_Tutorials\Debug\Videos_Tutorials.pdb" /ASSEMBLYDEBUG /SUBSYSTEM:WINDOWS /TLBID:1 /ENTRY:"main" /DYNAMICBASE /FIXED:NO /NXCOMPAT /MACHINE:X86 Debug\app.res
         Debug\AssemblyInfo.obj
         Debug\stdafx.obj
         Debug\Videos_Tutorials.obj
         "Debug\.NETFramework,Version=v4.0.AssemblyAttributes.obj"
         Videos_Tutorials.vcxproj -> C:\Users\Lenovo\Documents\Visual C++ Videos Project\Videos_Tutorials\Debug\Videos_Tutorials.exe
       Manifest:
         C:\Program Files (x86)\Microsoft SDKs\Windows\v7.0A\bin\mt.exe /nologo /verbose /outputresource:"C:\Users\Lenovo\Documents\Visual C++ Videos Project\Videos_Tutorials\Debug\Videos_Tutorials.exe;#1" /manifest Debug\Videos_Tutorials.exe.intermediate.manifest
       FinalizeBuildStatus:
         Deleting file "Debug\Videos_Tutorials.unsuccessfulbuild".
         Touching "Debug\Videos_Tutorials.lastbuildstate".
     1>Done Building Project "C:\Users\Lenovo\Documents\Visual C++ Videos Project\Videos_Tutorials\Videos_Tutorials\Videos_Tutorials.vcxproj" (build target(s)).

Build succeeded.

Time Elapsed 00:00:01.24
